#
# A fatal error has been detected by the Java Runtime Environment:
#
#  SIGSEGV (0xb) at pc=0x000000012c91e56b, pid=3251, tid=65539
#
# JRE version: Java(TM) SE Runtime Environment (7.0_40-b40) (build 1.7.0_40-b40)
# Java VM: Java HotSpot(TM) 64-Bit Server VM (24.0-b55 mixed mode bsd-amd64 compressed oops)
# Problematic frame:
# C  [libgstplugins-lite.dylib+0x1156b]  gst_iir_equalizer_compute_frequencies+0x285
#
# Failed to write core dump. Core dumps have been disabled. To enable core dumping, try "ulimit -c unlimited" before starting Java again
#
# If you would like to submit a bug report, please visit:
#   http://bugreport.sun.com/bugreport/crash.jsp
# The crash happened outside the Java Virtual Machine in native code.
# See problematic frame for where to report the bug.
#

---------------  T H R E A D  ---------------

Current thread (0x00007fdd4eb8a000):  JavaThread "Thread-7" [_thread_in_native, id=65539, stack(0x000000012c48d000,0x000000012c58d000)]

siginfo:si_signo=SIGSEGV: si_errno=0, si_code=1 (SEGV_MAPERR), si_addr=0x0000000000000068

Registers:
RAX=0x0000000000000000, RBX=0x0000000000000000, RCX=0x00007fdd4e227ae0, RDX=0x3ff0000000000000
RSP=0x000000012c58bf40, RBP=0x000000012c58bfc0, RSI=0x0000000000000000, RDI=0x00007fff8b281450
R8 =0x0000000000000040, R9 =0x000000012c58be00, R10=0x00007fdd4d85a620, R11=0x0000000000000000
R12=0x0000000000000000, R13=0x00007fdd4cad4140, R14=0x0000000000000000, R15=0x0000000000000009
RIP=0x000000012c91e56b, EFLAGS=0x0000000000010246, ERR=0x0000000000000006
  TRAPNO=0x000000000000000e

Top of Stack: (sp=0x000000012c58bf40)
0x000000012c58bf40:   000000012c8983a0 000000012c58bf70
0x000000012c58bf50:   0000000a000ef220 4043f3df1c59536e
0x000000012c58bf60:   3fffec982d5bb8b0 0000000000000048
0x000000012c58bf70:   00000039646e6162 00007fdd4cad4140
0x000000012c58bf80:   00007fdd4bdeee40 bd00be269df6f643
0x000000012c58bf90:   0000000000000000 00007fff915c58b7
0x000000012c58bfa0:   00007fdd4bdeee40 00007fdd4bdeee40
0x000000012c58bfb0:   0000000000000000 0000000000000010
0x000000012c58bfc0:   000000012c58c080 000000012c81e9a7
0x000000012c58bfd0:   000000012c58c010 00007fdd4bdee7f0
0x000000012c58bfe0:   000000030a1b0a00 000000012c58c040
0x000000012c58bff0:   000000010a1ad000 000000012c58c040
0x000000012c58c000:   00007fdd4bdee7f8 00007fdd4e227ae0
0x000000012c58c010:   00007fdd4cad4140 00007fdd4e2296c0
0x000000012c58c020:   000000012c816090 0000010000000000
0x000000012c58c030:   00007fdd4bdeee48 000000012c816090
0x000000012c58c040:   00007fdd4cad4140 00007fdd4e2296c0
0x000000012c58c050:   000000012c897c0c 00007fdd4bfcbe10
0x000000012c58c060:   0000000000000002 00007fdd5182f760
0x000000012c58c070:   0000000000000000 0000000000000002
0x000000012c58c080:   000000012c58c160 000000012c805109
0x000000012c58c090:   005a4303005a4200 00007fdd4bfcbe00
0x000000012c58c0a0:   0000000000000000 0000000000000002
0x000000012c58c0b0:   000000012c58c0e0 000000012c79f06d
0x000000012c58c0c0:   0000000000000000 00007fdd4e155958
0x000000012c58c0d0:   000000000000001c 00007fdd5182f760
0x000000012c58c0e0:   000000012c58c110 000000012c819c7e
0x000000012c58c0f0:   000000000000001c 00007fdd4bfaed60
0x000000012c58c100:   000000000000001c 00007fdd5182f760
0x000000012c58c110:   000000012c58c160 000000012c7dce0e
0x000000012c58c120:   00007fdd4bfaed60 00007fdd5182f760
0x000000012c58c130:   00007fdd4bfaed60 00007fdd4bfcbe10 

Instructions: (pc=0x000000012c91e56b)
0x000000012c91e54b:   01 00 00 f2 0f 10 45 a0 f2 0f 59 c2 f2 0f 11 45
0x000000012c91e55b:   98 45 85 f6 75 13 49 8b 85 f0 02 00 00 48 8b 00
0x000000012c91e56b:   c7 40 68 01 00 00 00 eb 2f 45 39 f7 75 18 49 8b
0x000000012c91e57b:   85 f0 02 00 00 48 8b 55 a8 48 8b 04 10 c7 40 68 

Register to memory mapping:

RAX=0x0000000000000000 is an unknown value
RBX=0x0000000000000000 is an unknown value
RCX=0x00007fdd4e227ae0 is an unknown value
RDX=0x3ff0000000000000 is an unknown value
RSP=0x000000012c58bf40 is pointing into the stack for thread: 0x00007fdd4eb8a000
RBP=0x000000012c58bfc0 is pointing into the stack for thread: 0x00007fdd4eb8a000
RSI=0x0000000000000000 is an unknown value
RDI=0x00007fff8b281450: _FE_DFL_DISABLE_SSE_DENORMS_ENV+0x13178 in /usr/lib/system/libsystem_m.dylib at 0x00007fff8b259000
R8 =0x0000000000000040 is an unknown value
R9 =0x000000012c58be00 is pointing into the stack for thread: 0x00007fdd4eb8a000
R10=0x00007fdd4d85a620 is an unknown value
R11=0x0000000000000000 is an unknown value
R12=0x0000000000000000 is an unknown value
R13=0x00007fdd4cad4140 is an unknown value
R14=0x0000000000000000 is an unknown value
R15=0x0000000000000009 is an unknown value


Stack: [0x000000012c48d000,0x000000012c58d000],  sp=0x000000012c58bf40,  free space=1019k
Native frames: (J=compiled Java code, j=interpreted, Vv=VM code, C=native code)
C  [libgstplugins-lite.dylib+0x1156b]  gst_iir_equalizer_compute_frequencies+0x285
C  [libglib-2.0.0.dylib+0x829a7]  g_type_create_instance+0x861
C  [libglib-2.0.0.dylib+0x69109]  g_object_constructor+0x23
C  [libglib-2.0.0.dylib+0x698ab]  g_object_newv+0x38e
C  [libgstreamer-lite.dylib+0x1440c]  gst_element_factory_create+0x97
C  [libgstreamer-lite.dylib+0x14531]  gst_element_factory_make+0x67
C  [libjfxmedia.dylib+0xfd04]  CGstPipelineFactory::CreateAudioBin(char const*, char const*, bool, GstElementContainer*, int*, _GstElement**)+0x1d6
C  [libjfxmedia.dylib+0x1036b]  CGstPipelineFactory::CreateAudioPipeline(_GstElement*, char const*, char const*, bool, CPipelineOptions*, CPipeline**)+0xb7
C  [libjfxmedia.dylib+0x10adf]  CGstPipelineFactory::CreatePlayerPipeline(CLocator*, CPipelineOptions*, CPipeline**)+0x251
C  [libjfxmedia.dylib+0x1e9a]  CMediaManager::CreatePlayer(CLocator*, CPipelineOptions*, CMedia**)+0xce
C  [libjfxmedia.dylib+0x12510]  Java_com_sun_media_jfxmediaimpl_platform_gstreamer_GSTMedia_gstInitNativeMedia+0x1f6
j  com.sun.media.jfxmediaimpl.platform.gstreamer.GSTMedia.gstInitNativeMedia(Lcom/sun/media/jfxmedia/locator/Locator;Ljava/lang/String;J[J)I+0
j  com.sun.media.jfxmediaimpl.platform.gstreamer.GSTMedia.init()V+20
j  com.sun.media.jfxmediaimpl.platform.gstreamer.GSTMedia.<init>(Lcom/sun/media/jfxmedia/locator/Locator;)V+17
j  com.sun.media.jfxmediaimpl.platform.gstreamer.GSTMediaPlayer.<init>(Lcom/sun/media/jfxmedia/locator/Locator;)V+6
j  com.sun.media.jfxmediaimpl.platform.gstreamer.GSTPlatform.prerollMediaPlayer(Lcom/sun/media/jfxmedia/locator/Locator;)Ljava/lang/Object;+5
j  com.sun.media.jfxmediaimpl.platform.PlatformManager.createMediaPlayer(Lcom/sun/media/jfxmedia/locator/Locator;)Lcom/sun/media/jfxmedia/MediaPlayer;+47
j  com.sun.media.jfxmediaimpl.NativeMediaManager.getPlayer(Lcom/sun/media/jfxmedia/locator/Locator;)Lcom/sun/media/jfxmedia/MediaPlayer;+7
j  com.sun.media.jfxmedia.MediaManager.getPlayer(Lcom/sun/media/jfxmedia/locator/Locator;)Lcom/sun/media/jfxmedia/MediaPlayer;+18
j  com.sun.webpane.sg.prism.WCMediaPlayerImpl$CreateThread.run()V+94
v  ~StubRoutines::call_stub
V  [libjvm.dylib+0x2d68c8]  JavaCalls::call_helper(JavaValue*, methodHandle*, JavaCallArguments*, Thread*)+0x22a
V  [libjvm.dylib+0x2d6ddf]  JavaCalls::call_virtual(JavaValue*, KlassHandle, Symbol*, Symbol*, JavaCallArguments*, Thread*)+0x11b
V  [libjvm.dylib+0x2d6f1c]  JavaCalls::call_virtual(JavaValue*, Handle, KlassHandle, Symbol*, Symbol*, Thread*)+0x4a
V  [libjvm.dylib+0x325da2]  thread_entry(JavaThread*, Thread*)+0xad
V  [libjvm.dylib+0x4ef417]  JavaThread::thread_main_inner()+0x9b
V  [libjvm.dylib+0x4f0b1f]  JavaThread::run()+0x1a3
V  [libjvm.dylib+0x41aaa1]  java_start(Thread*)+0xd5
C  [libsystem_pthread.dylib+0x1899]  _pthread_body+0x8a
C  [libsystem_pthread.dylib+0x172a]  _pthread_struct_init+0x0
C  [libsystem_pthread.dylib+0x5fc9]  thread_start+0xd

Java frames: (J=compiled Java code, j=interpreted, Vv=VM code)
j  com.sun.media.jfxmediaimpl.platform.gstreamer.GSTMedia.gstInitNativeMedia(Lcom/sun/media/jfxmedia/locator/Locator;Ljava/lang/String;J[J)I+0
j  com.sun.media.jfxmediaimpl.platform.gstreamer.GSTMedia.init()V+20
j  com.sun.media.jfxmediaimpl.platform.gstreamer.GSTMedia.<init>(Lcom/sun/media/jfxmedia/locator/Locator;)V+17
j  com.sun.media.jfxmediaimpl.platform.gstreamer.GSTMediaPlayer.<init>(Lcom/sun/media/jfxmedia/locator/Locator;)V+6
j  com.sun.media.jfxmediaimpl.platform.gstreamer.GSTPlatform.prerollMediaPlayer(Lcom/sun/media/jfxmedia/locator/Locator;)Ljava/lang/Object;+5
j  com.sun.media.jfxmediaimpl.platform.PlatformManager.createMediaPlayer(Lcom/sun/media/jfxmedia/locator/Locator;)Lcom/sun/media/jfxmedia/MediaPlayer;+47
j  com.sun.media.jfxmediaimpl.NativeMediaManager.getPlayer(Lcom/sun/media/jfxmedia/locator/Locator;)Lcom/sun/media/jfxmedia/MediaPlayer;+7
j  com.sun.media.jfxmedia.MediaManager.getPlayer(Lcom/sun/media/jfxmedia/locator/Locator;)Lcom/sun/media/jfxmedia/MediaPlayer;+18
j  com.sun.webpane.sg.prism.WCMediaPlayerImpl$CreateThread.run()V+94
v  ~StubRoutines::call_stub

---------------  P R O C E S S  ---------------

Java Threads: ( => current thread )
  0x00007fdd4c0b8800 JavaThread "Thread-9" daemon [_thread_blocked, id=66819, stack(0x000000012cafd000,0x000000012cbfd000)]
  0x00007fdd4d281800 JavaThread "Thread-8" daemon [_thread_blocked, id=66051, stack(0x000000012c977000,0x000000012ca77000)]
=>0x00007fdd4eb8a000 JavaThread "Thread-7" [_thread_in_native, id=65539, stack(0x000000012c48d000,0x000000012c58d000)]
  0x00007fdd51833800 JavaThread "Thread-6" [_thread_in_native, id=65027, stack(0x000000012c38a000,0x000000012c48a000)]
  0x00007fdd4da8f000 JavaThread "URL-Loader-8" daemon [_thread_blocked, id=64515, stack(0x000000012c287000,0x000000012c387000)]
  0x00007fdd4d27c800 JavaThread "URL-Loader-7" daemon [_thread_blocked, id=64003, stack(0x000000012c184000,0x000000012c284000)]
  0x00007fdd4d271000 JavaThread "URL-Loader-6" daemon [_thread_blocked, id=63491, stack(0x000000012c081000,0x000000012c181000)]
  0x00007fdd4d018800 JavaThread "URL-Loader-5" daemon [_thread_blocked, id=62979, stack(0x000000012aa90000,0x000000012ab90000)]
  0x00007fdd4d865000 JavaThread "URL-Loader-4" daemon [_thread_blocked, id=62467, stack(0x000000012a98d000,0x000000012aa8d000)]
  0x00007fdd4ea13800 JavaThread "URL-Loader-3" daemon [_thread_blocked, id=61955, stack(0x000000012a88a000,0x000000012a98a000)]
  0x00007fdd4ea10000 JavaThread "URL-Loader-2" daemon [_thread_blocked, id=61447, stack(0x00000001274e6000,0x00000001275e6000)]
  0x00007fdd4da0d800 JavaThread "URL-Loader-1" daemon [_thread_blocked, id=60675, stack(0x0000000126ba5000,0x0000000126ca5000)]
  0x00007fdd4d1f6000 JavaThread "Disposer" daemon [_thread_blocked, id=59915, stack(0x0000000126947000,0x0000000126a47000)]
  0x00007fdd4d08a800 JavaThread "Prism Font Disposer" daemon [_thread_blocked, id=49679, stack(0x0000000120602000,0x0000000120702000)]
  0x00007fdd4d094800 JavaThread "Thread-4" daemon [_thread_in_native, id=35843, stack(0x000000011eede000,0x000000011ef5e000)]
  0x00007fdd4d890000 JavaThread "JavaFX Application Thread" [_thread_in_Java, id=1287, stack(0x00007fff559ec000,0x00007fff55a6c000)]
  0x00007fdd4e8ce800 JavaThread "Thread-2" daemon [_thread_blocked, id=28419, stack(0x000000011c7c9000,0x000000011c8c9000)]
  0x00007fdd4f827800 JavaThread "Disposer" daemon [_thread_blocked, id=27907, stack(0x000000011c663000,0x000000011c763000)]
  0x00007fdd4d886800 JavaThread "QuantumRenderer-0" daemon [_thread_blocked, id=22787, stack(0x000000011ba9c000,0x000000011bb9c000)]
  0x00007fdd4e805000 JavaThread "JavaFX-Launcher" [_thread_blocked, id=22275, stack(0x000000011b92c000,0x000000011ba2c000)]
  0x00007fdd4d855800 JavaThread "Service Thread" daemon [_thread_blocked, id=21251, stack(0x000000011b670000,0x000000011b770000)]
  0x00007fdd4d852800 JavaThread "C2 CompilerThread1" daemon [_thread_in_native, id=20739, stack(0x000000011b56d000,0x000000011b66d000)]
  0x00007fdd4c818000 JavaThread "C2 CompilerThread0" daemon [_thread_blocked, id=20227, stack(0x000000011b46a000,0x000000011b56a000)]
  0x00007fdd4c800800 JavaThread "Signal Dispatcher" daemon [_thread_blocked, id=19715, stack(0x000000011b367000,0x000000011b467000)]
  0x00007fdd4c805000 JavaThread "Finalizer" daemon [_thread_blocked, id=14595, stack(0x000000011b11b000,0x000000011b21b000)]
  0x00007fdd4c00b800 JavaThread "Reference Handler" daemon [_thread_blocked, id=14083, stack(0x000000011b018000,0x000000011b118000)]
  0x00007fdd4d800000 JavaThread "main" [_thread_blocked, id=6403, stack(0x000000010a2a9000,0x000000010a3a9000)]

Other Threads:
  0x00007fdd4e804800 VMThread [stack: 0x000000011af15000,0x000000011b015000] [id=13571]
  0x00007fdd4e806000 WatcherThread [stack: 0x000000011b773000,0x000000011b873000] [id=21763]

VM state:not at safepoint (normal execution)

VM Mutex/Monitor currently owned by a thread: None

Heap
 PSYoungGen      total 76800K, used 20119K [0x00000007aaa80000, 0x00000007b0000000, 0x0000000800000000)
  eden space 66048K, 19% used [0x00000007aaa80000,0x00000007ab6dfd58,0x00000007aeb00000)
  from space 10752K, 69% used [0x00000007aeb00000,0x00000007af246120,0x00000007af580000)
  to   space 10752K, 0% used [0x00000007af580000,0x00000007af580000,0x00000007b0000000)
 ParOldGen       total 174592K, used 72K [0x0000000700000000, 0x000000070aa80000, 0x00000007aaa80000)
  object space 174592K, 0% used [0x0000000700000000,0x0000000700012010,0x000000070aa80000)
 PSPermGen       total 21504K, used 18312K [0x00000006fae00000, 0x00000006fc300000, 0x0000000700000000)
  object space 21504K, 85% used [0x00000006fae00000,0x00000006fbfe2118,0x00000006fc300000)

Card table byte_map: [0x000000010ef12000,0x000000010f73c000] byte_map_base: 0x000000010b73b000

Polling page: 0x000000010a3e8000

Code Cache  [0x000000010be52000, 0x000000010c0c2000, 0x000000010ee52000)
 total_blobs=879 nmethods=282 adapters=551 free_code_cache=47799Kb largest_free_block=48760384

Compilation events (10 events):
Event: 5.513 Thread 0x00007fdd4d852800 nmethod 295 0x000000010bfbb1d0 code [0x000000010bfbb320, 0x000000010bfbb598]
Event: 5.513 Thread 0x00007fdd4d852800  296  s          sun.misc.PerfCounter::get (9 bytes)
Event: 5.514 Thread 0x00007fdd4d852800 nmethod 296 0x000000010bf23b90 code [0x000000010bf23ce0, 0x000000010bf23f38]
Event: 5.514 Thread 0x00007fdd4d852800  297             java.nio.DirectLongBufferU::get (16 bytes)
Event: 5.515 Thread 0x00007fdd4d852800 nmethod 297 0x000000010beeeed0 code [0x000000010beef000, 0x000000010beef098]
Event: 5.515 Thread 0x00007fdd4d852800  299             java.nio.DirectLongBufferU::put (18 bytes)
Event: 5.515 Thread 0x00007fdd4d852800 nmethod 299 0x000000010bf272d0 code [0x000000010bf27400, 0x000000010bf27498]
Event: 5.515 Thread 0x00007fdd4d852800  300             java.security.ProtectionDomain::getCodeSource (5 bytes)
Event: 5.515 Thread 0x00007fdd4d852800 nmethod 300 0x000000010bf27050 code [0x000000010bf27180, 0x000000010bf271f8]
Event: 5.518 Thread 0x00007fdd4c818000 nmethod 292 0x000000010bf1d090 code [0x000000010bf1d1e0, 0x000000010bf1d798]

GC Heap History (2 events):
Event: 5.192 GC heap before
{Heap before GC invocations=1 (full 0):
 PSYoungGen      total 76800K, used 66048K [0x00000007aaa80000, 0x00000007b0000000, 0x0000000800000000)
  eden space 66048K, 100% used [0x00000007aaa80000,0x00000007aeb00000,0x00000007aeb00000)
  from space 10752K, 0% used [0x00000007af580000,0x00000007af580000,0x00000007b0000000)
  to   space 10752K, 0% used [0x00000007aeb00000,0x00000007aeb00000,0x00000007af580000)
 ParOldGen       total 174592K, used 0K [0x0000000700000000, 0x000000070aa80000, 0x00000007aaa80000)
  object space 174592K, 0% used [0x0000000700000000,0x0000000700000000,0x000000070aa80000)
 PSPermGen       total 21504K, used 16526K [0x00000006fae00000, 0x00000006fc300000, 0x0000000700000000)
  object space 21504K, 76% used [0x00000006fae00000,0x00000006fbe239f0,0x00000006fc300000)
Event: 5.201 GC heap after
Heap after GC invocations=1 (full 0):
 PSYoungGen      total 76800K, used 7448K [0x00000007aaa80000, 0x00000007b0000000, 0x0000000800000000)
  eden space 66048K, 0% used [0x00000007aaa80000,0x00000007aaa80000,0x00000007aeb00000)
  from space 10752K, 69% used [0x00000007aeb00000,0x00000007af246120,0x00000007af580000)
  to   space 10752K, 0% used [0x00000007af580000,0x00000007af580000,0x00000007b0000000)
 ParOldGen       total 174592K, used 72K [0x0000000700000000, 0x000000070aa80000, 0x00000007aaa80000)
  object space 174592K, 0% used [0x0000000700000000,0x0000000700012010,0x000000070aa80000)
 PSPermGen       total 21504K, used 16526K [0x00000006fae00000, 0x00000006fc300000, 0x0000000700000000)
  object space 21504K, 76% used [0x00000006fae00000,0x00000006fbe239f0,0x00000006fc300000)
}

Deoptimization events (10 events):
Event: 5.209 Thread 0x00007fdd4d890000 Uncommon trap: reason=bimorphic action=maybe_recompile pc=0x000000010bf4f0e0 method=java.util.HashMap.put(Ljava/lang/Object;Ljava/lang/Object;)Ljava/lang/Object; @ 83
Event: 5.209 Thread 0x00007fdd4d890000 Uncommon trap: reason=bimorphic action=maybe_recompile pc=0x000000010bf4f0e0 method=java.util.HashMap.put(Ljava/lang/Object;Ljava/lang/Object;)Ljava/lang/Object; @ 83
Event: 5.209 Thread 0x00007fdd4d890000 Uncommon trap: reason=unreached action=reinterpret pc=0x000000010bec8bb0 method=java.lang.AbstractStringBuilder.append(Ljava/lang/String;)Ljava/lang/AbstractStringBuilder; @ 1
Event: 5.215 Thread 0x00007fdd4d890000 Uncommon trap: reason=null_check action=make_not_entrant pc=0x000000010bfb4a80 method=java.util.LinkedHashMap.get(Ljava/lang/Object;)Ljava/lang/Object; @ 5
Event: 5.237 Thread 0x00007fdd4da0d800 Uncommon trap: reason=bimorphic action=maybe_recompile pc=0x000000010bf1bfb8 method=java.util.Collections$UnmodifiableCollection.size()I @ 4
Event: 5.358 Thread 0x00007fdd4d890000 Uncommon trap: reason=unloaded action=reinterpret pc=0x000000010bed2890 method=java.lang.CharacterData.of(I)Ljava/lang/CharacterData; @ 116
Event: 5.391 Thread 0x00007fdd4d890000 Uncommon trap: reason=unloaded action=reinterpret pc=0x000000010bfc1e1c method=java.lang.CharacterData.of(I)Ljava/lang/CharacterData; @ 96
Event: 5.505 Thread 0x00007fdd4d890000 Uncommon trap: reason=predicate action=maybe_recompile pc=0x000000010bfc74c0 method=java.util.ArrayList.indexOf(Ljava/lang/Object;)I @ 44
Event: 5.514 Thread 0x00007fdd4eb8a000 Uncommon trap: reason=unreached action=reinterpret pc=0x000000010bef27d8 method=java.net.URI.decode(Ljava/lang/String;)Ljava/lang/String; @ 1
Event: 5.514 Thread 0x00007fdd51833800 Uncommon trap: reason=unreached action=reinterpret pc=0x000000010bef27d8 method=java.net.URI.decode(Ljava/lang/String;)Ljava/lang/String; @ 1

Internal exceptions (10 events):
Event: 5.509 Thread 0x00007fdd51833800 Threw 0x00000007ab55de58 at /HUDSON/workspace/jdk7u40-2-build-macosx-amd64-product/jdk7u40/hotspot/src/share/vm/prims/jvm.cpp:1244
Event: 5.510 Thread 0x00007fdd51833800 Threw 0x00000007ab68d428 at /HUDSON/workspace/jdk7u40-2-build-macosx-amd64-product/jdk7u40/hotspot/src/share/vm/prims/jvm.cpp:1244
Event: 5.510 Thread 0x00007fdd51833800 Threw 0x00000007ab6902a0 at /HUDSON/workspace/jdk7u40-2-build-macosx-amd64-product/jdk7u40/hotspot/src/share/vm/prims/jvm.cpp:1244
Event: 5.512 Thread 0x00007fdd51833800 Threw 0x00000007ab693340 at /HUDSON/workspace/jdk7u40-2-build-macosx-amd64-product/jdk7u40/hotspot/src/share/vm/prims/jvm.cpp:1244
Event: 5.512 Thread 0x00007fdd51833800 Threw 0x00000007ab698060 at /HUDSON/workspace/jdk7u40-2-build-macosx-amd64-product/jdk7u40/hotspot/src/share/vm/prims/jvm.cpp:1244
Event: 5.513 Thread 0x00007fdd51833800 Threw 0x00000007ab69d178 at /HUDSON/workspace/jdk7u40-2-build-macosx-amd64-product/jdk7u40/hotspot/src/share/vm/prims/jvm.cpp:1244
Event: 5.513 Thread 0x00007fdd51833800 Threw 0x00000007ab6a4920 at /HUDSON/workspace/jdk7u40-2-build-macosx-amd64-product/jdk7u40/hotspot/src/share/vm/prims/jvm.cpp:1244
Event: 5.513 Thread 0x00007fdd51833800 Threw 0x00000007ab6a8918 at /HUDSON/workspace/jdk7u40-2-build-macosx-amd64-product/jdk7u40/hotspot/src/share/vm/prims/jvm.cpp:1244
Event: 5.514 Thread 0x00007fdd4eb8a000 Implicit null exception at 0x000000010bef0874 to 0x000000010bef27c9
Event: 5.514 Thread 0x00007fdd51833800 Implicit null exception at 0x000000010bef0874 to 0x000000010bef27c9

Events (10 events):
Event: 5.516 loading class 0x00007fdd4f9532c0
Event: 5.516 loading class 0x00007fdd4f9532c0 done
Event: 5.516 loading class 0x00007fdd4f9532f0
Event: 5.516 loading class 0x00007fdd4f953750
Event: 5.516 loading class 0x00007fdd4f954cd0
Event: 5.516 loading class 0x00007fdd4f954cd0 done
Event: 5.516 loading class 0x00007fdd4f953750 done
Event: 5.516 loading class 0x00007fdd4f9532f0 done
Event: 5.516 Executing VM operation: RevokeBias
Event: 5.516 Executing VM operation: RevokeBias done


Dynamic libraries:
0x000000000ae1a000 	/System/Library/Frameworks/Cocoa.framework/Versions/A/Cocoa
0x000000000ae1a000 	/System/Library/Frameworks/Security.framework/Versions/A/Security
0x000000000ae1a000 	/System/Library/Frameworks/ApplicationServices.framework/Versions/A/ApplicationServices
0x000000000ae1a000 	/usr/lib/libz.1.dylib
0x000000000ae1a000 	/usr/lib/libSystem.B.dylib
0x000000000ae1a000 	/usr/lib/libobjc.A.dylib
0x000000000ae1a000 	/System/Library/Frameworks/CoreFoundation.framework/Versions/A/CoreFoundation
0x000000000ae1a000 	/System/Library/Frameworks/Foundation.framework/Versions/C/Foundation
0x000000000ae1a000 	/System/Library/Frameworks/AppKit.framework/Versions/C/AppKit
0x000000000ae1a000 	/System/Library/Frameworks/CoreData.framework/Versions/A/CoreData
0x000000000ae1a000 	/System/Library/PrivateFrameworks/RemoteViewServices.framework/Versions/A/RemoteViewServices
0x000000000ae1a000 	/System/Library/Frameworks/AudioToolbox.framework/Versions/A/AudioToolbox
0x000000000ae1a000 	/System/Library/Frameworks/AudioUnit.framework/Versions/A/AudioUnit
0x000000000ae1a000 	/System/Library/PrivateFrameworks/DataDetectorsCore.framework/Versions/A/DataDetectorsCore
0x000000000ae1a000 	/System/Library/PrivateFrameworks/DesktopServicesPriv.framework/Versions/A/DesktopServicesPriv
0x000000000ae1a000 	/System/Library/Frameworks/Carbon.framework/Versions/A/Frameworks/HIToolbox.framework/Versions/A/HIToolbox
0x000000000ae1a000 	/System/Library/Frameworks/QuartzCore.framework/Versions/A/QuartzCore
0x000000000ae1a000 	/System/Library/Frameworks/Carbon.framework/Versions/A/Frameworks/SpeechRecognition.framework/Versions/A/SpeechRecognition
0x000000000ae1a000 	/usr/lib/libauto.dylib
0x000000000ae1a000 	/usr/lib/libicucore.A.dylib
0x000000000ae1a000 	/usr/lib/libxml2.2.dylib
0x000000000ae1a000 	/System/Library/PrivateFrameworks/CoreUI.framework/Versions/A/CoreUI
0x000000000ae1a000 	/System/Library/Frameworks/CoreAudio.framework/Versions/A/CoreAudio
0x000000000ae1a000 	/System/Library/Frameworks/DiskArbitration.framework/Versions/A/DiskArbitration
0x000000000ae1a000 	/usr/lib/liblangid.dylib
0x000000000ae1a000 	/System/Library/PrivateFrameworks/MultitouchSupport.framework/Versions/A/MultitouchSupport
0x000000000ae1a000 	/System/Library/Frameworks/IOKit.framework/Versions/A/IOKit
0x000000000ae1a000 	/usr/lib/libDiagnosticMessagesClient.dylib
0x000000000ae1a000 	/System/Library/Frameworks/CoreServices.framework/Versions/A/CoreServices
0x000000000ae1a000 	/System/Library/PrivateFrameworks/PerformanceAnalysis.framework/Versions/A/PerformanceAnalysis
0x000000000ae1a000 	/System/Library/PrivateFrameworks/GenerationalStorage.framework/Versions/A/GenerationalStorage
0x000000000ae1a000 	/System/Library/Frameworks/OpenGL.framework/Versions/A/OpenGL
0x000000000ae1a000 	/System/Library/PrivateFrameworks/Sharing.framework/Versions/A/Sharing
0x000000000ae1a000 	/System/Library/Frameworks/ImageIO.framework/Versions/A/ImageIO
0x000000000ae1a000 	/System/Library/Frameworks/CoreText.framework/Versions/A/CoreText
0x000000000ae1a000 	/System/Library/Frameworks/CoreGraphics.framework/Versions/A/CoreGraphics
0x000000000ae1a000 	/System/Library/PrivateFrameworks/Backup.framework/Versions/A/Backup
0x000000000ae1a000 	/System/Library/Frameworks/CFNetwork.framework/Versions/A/CFNetwork
0x000000000ae1a000 	/System/Library/Frameworks/SystemConfiguration.framework/Versions/A/SystemConfiguration
0x000000000ae1a000 	/usr/lib/libCRFSuite.dylib
0x000000000ae1a000 	/usr/lib/libc++.1.dylib
0x000000000ae1a000 	/usr/lib/libc++abi.dylib
0x000000000ae1a000 	/usr/lib/system/libcache.dylib
0x000000000ae1a000 	/usr/lib/system/libcommonCrypto.dylib
0x000000000ae1a000 	/usr/lib/system/libcompiler_rt.dylib
0x000000000ae1a000 	/usr/lib/system/libcopyfile.dylib
0x000000000ae1a000 	/usr/lib/system/libcorecrypto.dylib
0x000000000ae1a000 	/usr/lib/system/libdispatch.dylib
0x000000000ae1a000 	/usr/lib/system/libdyld.dylib
0x000000000ae1a000 	/usr/lib/system/libkeymgr.dylib
0x000000000ae1a000 	/usr/lib/system/liblaunch.dylib
0x000000000ae1a000 	/usr/lib/system/libmacho.dylib
0x000000000ae1a000 	/usr/lib/system/libquarantine.dylib
0x000000000ae1a000 	/usr/lib/system/libremovefile.dylib
0x000000000ae1a000 	/usr/lib/system/libsystem_asl.dylib
0x000000000ae1a000 	/usr/lib/system/libsystem_blocks.dylib
0x000000000ae1a000 	/usr/lib/system/libsystem_c.dylib
0x000000000ae1a000 	/usr/lib/system/libsystem_configuration.dylib
0x000000000ae1a000 	/usr/lib/system/libsystem_dnssd.dylib
0x000000000ae1a000 	/usr/lib/system/libsystem_info.dylib
0x000000000ae1a000 	/usr/lib/system/libsystem_kernel.dylib
0x000000000ae1a000 	/usr/lib/system/libsystem_m.dylib
0x000000000ae1a000 	/usr/lib/system/libsystem_malloc.dylib
0x000000000ae1a000 	/usr/lib/system/libsystem_network.dylib
0x000000000ae1a000 	/usr/lib/system/libsystem_notify.dylib
0x000000000ae1a000 	/usr/lib/system/libsystem_platform.dylib
0x000000000ae1a000 	/usr/lib/system/libsystem_pthread.dylib
0x000000000ae1a000 	/usr/lib/system/libsystem_sandbox.dylib
0x000000000ae1a000 	/usr/lib/system/libsystem_stats.dylib
0x000000000ae1a000 	/usr/lib/system/libunc.dylib
0x000000000ae1a000 	/usr/lib/system/libunwind.dylib
0x000000000ae1a000 	/usr/lib/system/libxpc.dylib
0x000000000ae1a000 	/usr/lib/libbsm.0.dylib
0x000000000ae1a000 	/usr/lib/libsqlite3.dylib
0x000000000ae1a000 	/usr/lib/libxar.1.dylib
0x000000000ae1a000 	/usr/lib/libpam.2.dylib
0x000000000ae1a000 	/usr/lib/libOpenScriptingUtil.dylib
0x000000000ae1a000 	/usr/lib/libbz2.1.0.dylib
0x000000000ae1a000 	/System/Library/Frameworks/CoreServices.framework/Versions/A/Frameworks/CarbonCore.framework/Versions/A/CarbonCore
0x000000000ae1a000 	/System/Library/Frameworks/CoreServices.framework/Versions/A/Frameworks/Metadata.framework/Versions/A/Metadata
0x000000000ae1a000 	/System/Library/Frameworks/CoreServices.framework/Versions/A/Frameworks/OSServices.framework/Versions/A/OSServices
0x000000000ae1a000 	/System/Library/Frameworks/CoreServices.framework/Versions/A/Frameworks/SearchKit.framework/Versions/A/SearchKit
0x000000000ae1a000 	/System/Library/Frameworks/CoreServices.framework/Versions/A/Frameworks/AE.framework/Versions/A/AE
0x000000000ae1a000 	/System/Library/Frameworks/CoreServices.framework/Versions/A/Frameworks/LaunchServices.framework/Versions/A/LaunchServices
0x000000000ae1a000 	/System/Library/Frameworks/CoreServices.framework/Versions/A/Frameworks/DictionaryServices.framework/Versions/A/DictionaryServices
0x000000000ae1a000 	/System/Library/Frameworks/NetFS.framework/Versions/A/NetFS
0x000000000ae1a000 	/usr/lib/system/libkxld.dylib
0x000000000ae1a000 	/System/Library/PrivateFrameworks/NetAuth.framework/Versions/A/NetAuth
0x000000000ae1a000 	/System/Library/PrivateFrameworks/TCC.framework/Versions/A/TCC
0x000000000ae1a000 	/System/Library/Frameworks/OpenDirectory.framework/Versions/A/Frameworks/CFOpenDirectory.framework/Versions/A/CFOpenDirectory
0x000000000ae1a000 	/System/Library/Frameworks/ServiceManagement.framework/Versions/A/ServiceManagement
0x000000000ae1a000 	/usr/lib/libxslt.1.dylib
0x000000000ae1a000 	/System/Library/Frameworks/Carbon.framework/Versions/A/Frameworks/Ink.framework/Versions/A/Ink
0x000000000ae1a000 	/System/Library/Frameworks/ApplicationServices.framework/Versions/A/Frameworks/ATS.framework/Versions/A/ATS
0x000000000ae1a000 	/System/Library/Frameworks/ApplicationServices.framework/Versions/A/Frameworks/ColorSync.framework/Versions/A/ColorSync
0x000000000ae1a000 	/System/Library/Frameworks/ApplicationServices.framework/Versions/A/Frameworks/HIServices.framework/Versions/A/HIServices
0x000000000ae1a000 	/System/Library/Frameworks/ApplicationServices.framework/Versions/A/Frameworks/LangAnalysis.framework/Versions/A/LangAnalysis
0x000000000ae1a000 	/System/Library/Frameworks/ApplicationServices.framework/Versions/A/Frameworks/PrintCore.framework/Versions/A/PrintCore
0x000000000ae1a000 	/System/Library/Frameworks/ApplicationServices.framework/Versions/A/Frameworks/QD.framework/Versions/A/QD
0x000000000ae1a000 	/System/Library/Frameworks/ApplicationServices.framework/Versions/A/Frameworks/SpeechSynthesis.framework/Versions/A/SpeechSynthesis
0x000000000ae1a000 	/System/Library/Frameworks/IOSurface.framework/Versions/A/IOSurface
0x000000000ae1a000 	/System/Library/Frameworks/Accelerate.framework/Versions/A/Accelerate
0x000000000ae1a000 	/System/Library/Frameworks/Accelerate.framework/Versions/A/Frameworks/vImage.framework/Versions/A/vImage
0x000000000ae1a000 	/System/Library/Frameworks/Accelerate.framework/Versions/A/Frameworks/vecLib.framework/Versions/A/vecLib
0x000000000ae1a000 	/System/Library/Frameworks/Accelerate.framework/Versions/A/Frameworks/vecLib.framework/Versions/A/libvDSP.dylib
0x000000000ae1a000 	/System/Library/Frameworks/Accelerate.framework/Versions/A/Frameworks/vecLib.framework/Versions/A/libvMisc.dylib
0x000000000ae1a000 	/System/Library/Frameworks/Accelerate.framework/Versions/A/Frameworks/vecLib.framework/Versions/A/libLAPACK.dylib
0x000000000ae1a000 	/System/Library/Frameworks/Accelerate.framework/Versions/A/Frameworks/vecLib.framework/Versions/A/libBLAS.dylib
0x000000000ae1a000 	/System/Library/Frameworks/ApplicationServices.framework/Versions/A/Frameworks/ATS.framework/Versions/A/Resources/libFontParser.dylib
0x000000000ae1a000 	/System/Library/Frameworks/ApplicationServices.framework/Versions/A/Frameworks/ATS.framework/Versions/A/Resources/libFontRegistry.dylib
0x000000000ae1a000 	/System/Library/Frameworks/ImageIO.framework/Versions/A/Resources/libJPEG.dylib
0x000000000ae1a000 	/System/Library/Frameworks/ImageIO.framework/Versions/A/Resources/libTIFF.dylib
0x000000000ae1a000 	/System/Library/Frameworks/ImageIO.framework/Versions/A/Resources/libPng.dylib
0x000000000ae1a000 	/System/Library/Frameworks/ImageIO.framework/Versions/A/Resources/libGIF.dylib
0x000000000ae1a000 	/System/Library/Frameworks/ImageIO.framework/Versions/A/Resources/libJP2.dylib
0x000000000ae1a000 	/System/Library/Frameworks/ImageIO.framework/Versions/A/Resources/libRadiance.dylib
0x000000000ae1a000 	/usr/lib/libcups.2.dylib
0x000000000ae1a000 	/System/Library/Frameworks/Kerberos.framework/Versions/A/Kerberos
0x000000000ae1a000 	/System/Library/Frameworks/GSS.framework/Versions/A/GSS
0x000000000ae1a000 	/usr/lib/libresolv.9.dylib
0x000000000ae1a000 	/usr/lib/libiconv.2.dylib
0x000000000ae1a000 	/System/Library/PrivateFrameworks/Heimdal.framework/Versions/A/Heimdal
0x000000000ae1a000 	/System/Library/PrivateFrameworks/TrustEvaluationAgent.framework/Versions/A/TrustEvaluationAgent
0x000000000ae1a000 	/usr/lib/libheimdal-asn1.dylib
0x000000000ae1a000 	/System/Library/Frameworks/OpenDirectory.framework/Versions/A/OpenDirectory
0x000000000ae1a000 	/System/Library/PrivateFrameworks/CommonAuth.framework/Versions/A/CommonAuth
0x000000000ae1a000 	/System/Library/Frameworks/SecurityFoundation.framework/Versions/A/SecurityFoundation
0x000000000ae1a000 	/System/Library/PrivateFrameworks/Bom.framework/Versions/A/Bom
0x000000000ae1a000 	/System/Library/Frameworks/CoreVideo.framework/Versions/A/CoreVideo
0x000000000ae1a000 	/System/Library/Frameworks/QuartzCore.framework/Versions/A/Frameworks/CoreImage.framework/Versions/A/CoreImage
0x000000000ae1a000 	/System/Library/Frameworks/QuartzCore.framework/Versions/A/Frameworks/ScalableUserInterface.framework/Versions/A/ScalableUserInterface
0x000000000ae1a000 	/System/Library/Frameworks/OpenGL.framework/Versions/A/Libraries/libGLU.dylib
0x000000000ae1a000 	/System/Library/Frameworks/OpenGL.framework/Versions/A/Libraries/libGFXShared.dylib
0x000000000ae1a000 	/System/Library/Frameworks/OpenGL.framework/Versions/A/Libraries/libGL.dylib
0x000000000ae1a000 	/System/Library/Frameworks/OpenGL.framework/Versions/A/Libraries/libGLImage.dylib
0x000000000ae1a000 	/System/Library/Frameworks/OpenGL.framework/Versions/A/Libraries/libCVMSPluginSupport.dylib
0x000000000ae1a000 	/System/Library/Frameworks/OpenGL.framework/Versions/A/Libraries/libCoreVMClient.dylib
0x000000000ae1a000 	/System/Library/PrivateFrameworks/FaceCore.framework/Versions/A/FaceCore
0x000000000ae1a000 	/System/Library/PrivateFrameworks/CrashReporterSupport.framework/Versions/A/CrashReporterSupport
0x000000000ae1a000 	/System/Library/Frameworks/OpenCL.framework/Versions/A/OpenCL
0x000000000ae1a000 	/System/Library/PrivateFrameworks/AppleFSCompression.framework/Versions/A/AppleFSCompression
0x000000000ae1a000 	/System/Library/PrivateFrameworks/Ubiquity.framework/Versions/A/Ubiquity
0x000000000ae1a000 	/System/Library/PrivateFrameworks/IconServices.framework/Versions/A/IconServices
0x000000000ae1a000 	/System/Library/PrivateFrameworks/ChunkingLibrary.framework/Versions/A/ChunkingLibrary
0x000000000ae1a000 	/System/Library/PrivateFrameworks/CoreSymbolication.framework/Versions/A/CoreSymbolication
0x000000000ae1a000 	/System/Library/PrivateFrameworks/Symbolication.framework/Versions/A/Symbolication
0x000000000ae1a000 	/System/Library/PrivateFrameworks/DebugSymbols.framework/Versions/A/DebugSymbols
0x000000010b400000 	/Library/Java/JavaVirtualMachines/jdk1.7.0_40.jdk/Contents/Home/jre/lib/server/libjvm.dylib
0x000000000ae1a000 	/usr/lib/libstdc++.6.dylib
0x000000010a3ab000 	/Library/Java/JavaVirtualMachines/jdk1.7.0_40.jdk/Contents/Home/jre/lib/libverify.dylib
0x000000010a3b8000 	/Library/Java/JavaVirtualMachines/jdk1.7.0_40.jdk/Contents/Home/jre/lib/libjava.dylib
0x000000010a3f2000 	/Library/Java/JavaVirtualMachines/jdk1.7.0_40.jdk/Contents/Home/jre/lib/libzip.dylib
0x000000011b21d000 	/System/Library/Frameworks/JavaVM.framework/Frameworks/JavaRuntimeSupport.framework/JavaRuntimeSupport
0x000000011b235000 	/System/Library/Frameworks/JavaVM.framework/Versions/A/Frameworks/JavaNativeFoundation.framework/Versions/A/JavaNativeFoundation
0x000000011b249000 	/System/Library/Frameworks/JavaVM.framework/Versions/A/JavaVM
0x000000000ae1a000 	/System/Library/Frameworks/Carbon.framework/Versions/A/Carbon
0x000000011b255000 	/System/Library/PrivateFrameworks/JavaLaunching.framework/Versions/A/JavaLaunching
0x000000000ae1a000 	/System/Library/Frameworks/Carbon.framework/Versions/A/Frameworks/CommonPanels.framework/Versions/A/CommonPanels
0x000000000ae1a000 	/System/Library/Frameworks/Carbon.framework/Versions/A/Frameworks/Help.framework/Versions/A/Help
0x000000000ae1a000 	/System/Library/Frameworks/Carbon.framework/Versions/A/Frameworks/ImageCapture.framework/Versions/A/ImageCapture
0x000000000ae1a000 	/System/Library/Frameworks/Carbon.framework/Versions/A/Frameworks/OpenScripting.framework/Versions/A/OpenScripting
0x000000000ae1a000 	/System/Library/Frameworks/Carbon.framework/Versions/A/Frameworks/Print.framework/Versions/A/Print
0x000000000ae1a000 	/System/Library/Frameworks/Carbon.framework/Versions/A/Frameworks/SecurityHI.framework/Versions/A/SecurityHI
0x000000011bb9e000 	/Library/Java/JavaVirtualMachines/jdk1.7.0_40.jdk/Contents/Home/jre/lib/libprism-es2.dylib
0x000000000ae1a000 	/System/Library/Frameworks/OpenGL.framework/Versions/A/Resources/GLEngine.bundle/GLEngine
0x000000000ae1a000 	/System/Library/Frameworks/OpenGL.framework/Versions/A/Libraries/libGLProgrammability.dylib
0x0000000000000000 	/System/Library/Extensions/AppleIntelHD4000GraphicsGLDriver.bundle/Contents/MacOS/AppleIntelHD4000GraphicsGLDriver
0x000000000ae1a000 	/System/Library/PrivateFrameworks/IOAccelerator.framework/Versions/A/IOAccelerator
0x000000000ae1a000 	/System/Library/PrivateFrameworks/GPUSupport.framework/Versions/A/Libraries/libGPUSupportMercury.dylib
0x0000000000000000 	/System/Library/Extensions/GeForceGLDriver.bundle/Contents/MacOS/GeForceGLDriver
0x000000000ae1a000 	/System/Library/Extensions/GeForceGLDriver.bundle/Contents/MacOS/libclh.dylib
0x000000000ae1a000 	/System/Library/Frameworks/OpenGL.framework/Versions/A/Resources/GLRendererFloat.bundle/GLRendererFloat
0x000000000ae1a000 	/System/Library/Frameworks/OpenCL.framework/Versions/A/Libraries/libcldcpuengine.dylib
0x000000000ae1a000 	/System/Library/PrivateFrameworks/DiskImages.framework/Versions/A/DiskImages
0x000000000ae1a000 	/System/Library/Frameworks/DiscRecording.framework/Versions/A/DiscRecording
0x000000000ae1a000 	/usr/lib/libcsfde.dylib
0x000000000ae1a000 	/usr/lib/libcurl.4.dylib
0x000000000ae1a000 	/System/Library/PrivateFrameworks/MediaKit.framework/Versions/A/MediaKit
0x000000000ae1a000 	/usr/lib/libCoreStorage.dylib
0x000000000ae1a000 	/System/Library/PrivateFrameworks/EFILogin.framework/Versions/A/EFILogin
0x000000000ae1a000 	/usr/lib/libutil.dylib
0x000000000ae1a000 	/System/Library/PrivateFrameworks/AOSNotification.framework/Versions/A/AOSNotification
0x000000000ae1a000 	/System/Library/Frameworks/LDAP.framework/Versions/A/LDAP
0x000000000ae1a000 	/usr/lib/libsasl2.2.dylib
0x000000000ae1a000 	/usr/lib/libcrypto.0.9.8.dylib
0x000000000ae1a000 	/usr/lib/libssl.0.9.8.dylib
0x000000011c765000 	/Library/Java/JavaVirtualMachines/jdk1.7.0_40.jdk/Contents/Home/jre/lib/libglass.dylib
0x000000000ae1a000 	/System/Library/PrivateFrameworks/CoreServicesInternal.framework/Versions/A/CoreServicesInternal
0x000000000ae1a000 	/System/Library/PrivateFrameworks/Librarian.framework/Versions/A/Librarian
0x000000000ae1a000 	/System/Library/CoreServices/RawCamera.bundle/Contents/MacOS/RawCamera
0x000000000ae1a000 	/System/Library/Frameworks/CoreGraphics.framework/Versions/A/Resources/libCGCMS.A.dylib
0x000000000ae1a000 	/System/Library/Frameworks/CoreGraphics.framework/Versions/A/Resources/libRIP.A.dylib
0x000000000ae1a000 	/System/Library/PrivateFrameworks/FamilyControls.framework/Versions/A/FamilyControls
0x000000000ae1a000 	/System/Library/PrivateFrameworks/CommerceKit.framework/Versions/A/Frameworks/CommerceCore.framework/Versions/A/CommerceCore
0x000000000ae1a000 	/System/Library/PrivateFrameworks/SystemAdministration.framework/Versions/A/SystemAdministration
0x000000000ae1a000 	/System/Library/Frameworks/DirectoryService.framework/Versions/A/DirectoryService
0x000000000ae1a000 	/System/Library/PrivateFrameworks/LoginUIKit.framework/Versions/A/Frameworks/LoginUICore.framework/Versions/A/LoginUICore
0x000000000ae1a000 	/usr/lib/libodfde.dylib
0x000000012027b000 	/Library/Java/JavaVirtualMachines/jdk1.7.0_40.jdk/Contents/Home/jre/lib/libjavafx-font.dylib
0x000000000ae1a000 	/System/Library/Frameworks/CoreGraphics.framework/Versions/A/Resources/libCGXType.A.dylib
0x000000011ba7f000 	cl_kernels
0x0000000122ada000 	/System/Library/Frameworks/OpenCL.framework/Versions/A/Libraries/ImageFormats/unorm8_bgra.dylib
0x000000011ba92000 	cl_kernels
0x000000011ba98000 	cl_kernels
0x00000001200ec000 	cl_kernels
0x0000000122d8b000 	/System/Library/Frameworks/OpenCL.framework/Versions/A/Libraries/ImageFormats/unorm8_argb.dylib
0x00000001284f3000 	/Library/Java/JavaVirtualMachines/jdk1.7.0_40.jdk/Contents/Home/jre/lib/libjfxwebkit.dylib
0x00000001204f7000 	/Library/Java/JavaVirtualMachines/jdk1.7.0_40.jdk/Contents/Home/jre/lib/libnio.dylib
0x000000012070e000 	/Library/Java/JavaVirtualMachines/jdk1.7.0_40.jdk/Contents/Home/jre/lib/./libnet.dylib
0x000000012c58f000 	/Library/Java/JavaVirtualMachines/jdk1.7.0_40.jdk/Contents/Home/jre/lib/libjfxmedia.dylib
0x000000012c5ef000 	/Library/Java/JavaVirtualMachines/jdk1.7.0_40.jdk/Contents/Home/jre/lib//libgstreamer-lite.dylib
0x000000012c79c000 	/Library/Java/JavaVirtualMachines/jdk1.7.0_40.jdk/Contents/Home/jre/lib//libglib-2.0.0.dylib
0x000000000ae1a000 	/System/Library/Frameworks/QTKit.framework/Versions/A/QTKit
0x000000000ae1a000 	/System/Library/Frameworks/AVFoundation.framework/Versions/A/AVFoundation
0x000000000ae1a000 	/System/Library/Frameworks/CoreMedia.framework/Versions/A/CoreMedia
0x000000000ae1a000 	/System/Library/Frameworks/MediaToolbox.framework/Versions/A/MediaToolbox
0x000000000ae1a000 	/System/Library/Frameworks/VideoToolbox.framework/Versions/A/VideoToolbox
0x000000000ae1a000 	/System/Library/PrivateFrameworks/CoreMediaAuthoring.framework/Versions/A/CoreMediaAuthoring
0x000000000ae1a000 	/System/Library/Frameworks/CoreMediaIO.framework/Versions/A/CoreMediaIO
0x000000000ae1a000 	/System/Library/Frameworks/AVFoundation.framework/Versions/A/Resources/libAVFAudio.dylib
0x000000000ae1a000 	/System/Library/PrivateFrameworks/MediaControlSender.framework/Versions/A/MediaControlSender
0x000000000ae1a000 	/System/Library/PrivateFrameworks/CoreAVCHD.framework/Versions/A/CoreAVCHD
0x000000000ae1a000 	/System/Library/Frameworks/MediaAccessibility.framework/Versions/A/MediaAccessibility
0x000000000ae1a000 	/System/Library/PrivateFrameworks/Mangrove.framework/Versions/A/Mangrove
0x000000000ae1a000 	/System/Library/PrivateFrameworks/CoreAUC.framework/Versions/A/CoreAUC
0x000000000ae1a000 	/System/Library/PrivateFrameworks/Apple80211.framework/Versions/A/Apple80211
0x000000000ae1a000 	/System/Library/PrivateFrameworks/AppleSRP.framework/Versions/A/AppleSRP
0x000000000ae1a000 	/System/Library/PrivateFrameworks/CoreUtils.framework/Versions/A/CoreUtils
0x000000000ae1a000 	/System/Library/Frameworks/CoreWLAN.framework/Versions/A/CoreWLAN
0x000000000ae1a000 	/usr/lib/libpcap.A.dylib
0x000000000ae1a000 	/System/Library/Frameworks/CoreWiFi.framework/Versions/A/CoreWiFi
0x000000000ae1a000 	/System/Library/PrivateFrameworks/AppleVA.framework/Versions/A/AppleVA
0x000000000ae1a000 	/System/Library/PrivateFrameworks/XPCService.framework/Versions/A/XPCService
0x000000000ae1a000 	/System/Library/PrivateFrameworks/AppSandbox.framework/Versions/A/AppSandbox
0x000000000ae1a000 	/usr/lib/libsandbox.1.dylib
0x000000000ae1a000 	/System/Library/PrivateFrameworks/AppContainer.framework/Versions/A/AppContainer
0x000000000ae1a000 	/System/Library/PrivateFrameworks/SecCodeWrapper.framework/Versions/A/SecCodeWrapper
0x000000000ae1a000 	/usr/lib/libMatch.1.dylib
0x000000012c8cd000 	/Library/Java/JavaVirtualMachines/jdk1.7.0_40.jdk/Contents/Home/jre/lib/fxplugins.dylib
0x0000000120480000 	/System/Library/Frameworks/VideoDecodeAcceleration.framework/Versions/A/VideoDecodeAcceleration
0x000000012c90d000 	/Library/Java/JavaVirtualMachines/jdk1.7.0_40.jdk/Contents/Home/jre/lib/libgstplugins-lite.dylib

VM Arguments:
java_command: org.badvision.outlaweditor.Application
Launcher Type: SUN_STANDARD

Environment Variables:
JAVA_HOME=/Library/Java/JavaVirtualMachines/jdk1.7.0_40.jdk/Contents/Home
PATH=/usr/bin:/bin:/usr/sbin:/sbin
LD_LIBRARY_PATH=/Library/Java/JavaVirtualMachines/jdk1.7.0_40.jdk/Contents/Home/jre/lib/amd64:/Library/Java/JavaVirtualMachines/jdk1.7.0_40.jdk/Contents/Home/jre/lib/i386:
SHELL=/bin/bash
DISPLAY=/tmp/launch-c7yhD3/org.macosforge.xquartz:0
DYLD_LIBRARY_PATH=/Applications/NetBeans/NetBeans 7.4.app/Contents/Resources/NetBeans/webcommon/bin:

Signal Handlers:
SIGSEGV: [libjvm.dylib+0x524ce5], sa_mask[0]=0xfffefeff, sa_flags=0x00000043
SIGBUS: [libjvm.dylib+0x524ce5], sa_mask[0]=0xfffefeff, sa_flags=0x00000042
SIGFPE: [libjvm.dylib+0x4182a6], sa_mask[0]=0xfffefeff, sa_flags=0x00000042
SIGPIPE: [libjvm.dylib+0x4182a6], sa_mask[0]=0xfffefeff, sa_flags=0x00000042
SIGXFSZ: [libjvm.dylib+0x4182a6], sa_mask[0]=0xfffefeff, sa_flags=0x00000042
SIGILL: [libjvm.dylib+0x4182a6], sa_mask[0]=0xfffefeff, sa_flags=0x00000042
SIGUSR1: SIG_DFL, sa_mask[0]=0x00000000, sa_flags=0x00000002
SIGUSR2: [libjvm.dylib+0x417d98], sa_mask[0]=0x00000004, sa_flags=0x00000042
SIGHUP: [libjvm.dylib+0x416027], sa_mask[0]=0xfffefeff, sa_flags=0x00000042
SIGINT: SIG_IGN, sa_mask[0]=0x00000000, sa_flags=0x00000000
SIGTERM: [libjvm.dylib+0x416027], sa_mask[0]=0xfffefeff, sa_flags=0x00000042
SIGQUIT: [libjvm.dylib+0x416027], sa_mask[0]=0xfffefeff, sa_flags=0x00000042


---------------  S Y S T E M  ---------------

OS:Bsduname:Darwin 13.1.0 Darwin Kernel Version 13.1.0: Thu Jan 16 19:40:37 PST 2014; root:xnu-2422.90.20~2/RELEASE_X86_64 x86_64
rlimit: STACK 8192k, CORE 0k, NPROC 709, NOFILE 10240, AS infinity
load average:2.71 2.58 2.43

CPU:total 8 (4 cores per cpu, 2 threads per core) family 6 model 58 stepping 9, cmov, cx8, fxsr, mmx, sse, sse2, sse3, ssse3, sse4.1, sse4.2, popcnt, avx, aes, erms, ht, tsc, tscinvbit, tscinv

Memory: 4k page, physical 16777216k(4194304k free)

/proc/meminfo:


vm_info: Java HotSpot(TM) 64-Bit Server VM (24.0-b55) for bsd-amd64 JRE (1.7.0_40-b40), built on Aug 16 2013 11:52:39 by "java_re" with gcc 4.2.1 (Based on Apple Inc. build 5658) (LLVM build 2336.11.00)

time: Sun Mar 23 00:59:29 2014
elapsed time: 5 seconds

